Data shape: (2499, 784)
got here
False
Read the 2499 x 784 data matrix successfully!
Using current time as random seed...
Using no_dims = 2, perplexity = 50.000000, and theta = 0.500000
Computing input similarities...
Data normalization took 0.00258483 seconds.
Building tree...
 - point 0 of 2499
computeGaussianPerplexity (with ball trees) took 5.04393 seconds.
symmetrizeMatrix took 0.0577933 seconds.
Similarity computation took 5.10501 seconds.
Input similarities computed in 5.05 seconds (sparsity = 0.082559)!
Learning embedding...
computeGradient took 0.00938662 seconds.
Iteration 0 took 0.00941392 seconds.
computeGradient took 0.00990062 seconds.
Iteration 1 took 0.00991663 seconds.
computeGradient took 0.009471 seconds.
Iteration 2 took 0.00948679 seconds.
computeGradient took 0.00949508 seconds.
Iteration 3 took 0.00951029 seconds.
computeGradient took 0.00956696 seconds.
Iteration 4 took 0.00958283 seconds.
computeGradient took 0.00984558 seconds.
Iteration 5 took 0.00986221 seconds.
computeGradient took 0.00980592 seconds.
Iteration 6 took 0.00982179 seconds.
computeGradient took 0.00945171 seconds.
Iteration 7 took 0.00946754 seconds.
computeGradient took 0.00942037 seconds.
Iteration 8 took 0.0094355 seconds.
computeGradient took 0.00962787 seconds.
Iteration 9 took 0.00964354 seconds.
computeGradient took 0.00948275 seconds.
Iteration 10 took 0.009498 seconds.
computeGradient took 0.00944142 seconds.
Iteration 11 took 0.00945608 seconds.
computeGradient took 0.00937721 seconds.
Iteration 12 took 0.00939225 seconds.
computeGradient took 0.00963638 seconds.
Iteration 13 took 0.00965167 seconds.
computeGradient took 0.009439 seconds.
Iteration 14 took 0.00945429 seconds.
computeGradient took 0.00940975 seconds.
Iteration 15 took 0.00942467 seconds.
computeGradient took 0.00953237 seconds.
Iteration 16 took 0.00954713 seconds.
computeGradient took 0.00941233 seconds.
Iteration 17 took 0.00942767 seconds.
computeGradient took 0.00952679 seconds.
Iteration 18 took 0.00954117 seconds.
computeGradient took 0.00941033 seconds.
Iteration 19 took 0.00942533 seconds.
computeGradient took 0.00956937 seconds.
Iteration 20 took 0.00958738 seconds.
computeGradient took 0.00954267 seconds.
Iteration 21 took 0.00955754 seconds.
computeGradient took 0.00970817 seconds.
Iteration 22 took 0.00972321 seconds.
computeGradient took 0.00989871 seconds.
Iteration 23 took 0.009914 seconds.
computeGradient took 0.0100458 seconds.
Iteration 24 took 0.0100614 seconds.
computeGradient took 0.0137261 seconds.
Iteration 25 took 0.0137475 seconds.
computeGradient took 0.0102464 seconds.
Iteration 26 took 0.0102613 seconds.
computeGradient took 0.0104297 seconds.
Iteration 27 took 0.010446 seconds.
computeGradient took 0.0105748 seconds.
Iteration 28 took 0.0105952 seconds.
computeGradient took 0.0116982 seconds.
Iteration 29 took 0.0117328 seconds.
computeGradient took 0.0135272 seconds.
Iteration 30 took 0.0135637 seconds.
computeGradient took 0.0117114 seconds.
Iteration 31 took 0.0117381 seconds.
computeGradient took 0.0129031 seconds.
Iteration 32 took 0.0129272 seconds.
computeGradient took 0.0118273 seconds.
Iteration 33 took 0.0118481 seconds.
computeGradient took 0.0120916 seconds.
Iteration 34 took 0.0121183 seconds.
computeGradient took 0.0113527 seconds.
Iteration 35 took 0.0113725 seconds.
computeGradient took 0.0114307 seconds.
Iteration 36 took 0.0114533 seconds.
computeGradient took 0.0116922 seconds.
Iteration 37 took 0.011711 seconds.
computeGradient took 0.0116998 seconds.
Iteration 38 took 0.0117272 seconds.
computeGradient took 0.0117365 seconds.
Iteration 39 took 0.0117606 seconds.
computeGradient took 0.0119094 seconds.
Iteration 40 took 0.0119261 seconds.
computeGradient took 0.0108262 seconds.
Iteration 41 took 0.0108415 seconds.
computeGradient took 0.0110889 seconds.
Iteration 42 took 0.011108 seconds.
computeGradient took 0.0113701 seconds.
Iteration 43 took 0.0113891 seconds.
computeGradient took 0.0112593 seconds.
Iteration 44 took 0.0112754 seconds.
computeGradient took 0.0113079 seconds.
Iteration 45 took 0.0113225 seconds.
computeGradient took 0.0113187 seconds.
Iteration 46 took 0.0113337 seconds.
computeGradient took 0.0113672 seconds.
Iteration 47 took 0.0113822 seconds.
computeGradient took 0.0114125 seconds.
Iteration 48 took 0.0114285 seconds.
computeGradient took 0.0113478 seconds.
Iteration 49 took 0.011364 seconds.
computeGradient took 0.0117142 seconds.
evaluateError (approximate) took 0.0115102 seconds.
Error evaluation took 0.0115124 seconds.
Iteration 50: error is 0.000000 (50 iterations in 0.54 seconds)
Iteration 50 took 0.0232492 seconds.
computeGradient took 0.0113664 seconds.
Iteration 51 took 0.0113813 seconds.
computeGradient took 0.0112513 seconds.
Iteration 52 took 0.0112663 seconds.
computeGradient took 0.0116257 seconds.
Iteration 53 took 0.0116409 seconds.
computeGradient took 0.0112544 seconds.
Iteration 54 took 0.0112695 seconds.
computeGradient took 0.0112817 seconds.
Iteration 55 took 0.0112965 seconds.
computeGradient took 0.0112009 seconds.
Iteration 56 took 0.011216 seconds.
computeGradient took 0.0110295 seconds.
Iteration 57 took 0.0110443 seconds.
computeGradient took 0.0109318 seconds.
Iteration 58 took 0.010947 seconds.
computeGradient took 0.0108671 seconds.
Iteration 59 took 0.0108823 seconds.
computeGradient took 0.0109308 seconds.
Iteration 60 took 0.0109457 seconds.
computeGradient took 0.0109018 seconds.
Iteration 61 took 0.0109193 seconds.
computeGradient took 0.0127352 seconds.
Iteration 62 took 0.0127502 seconds.
computeGradient took 0.0108147 seconds.
Iteration 63 took 0.0108298 seconds.
computeGradient took 0.0127968 seconds.
Iteration 64 took 0.0128118 seconds.
computeGradient took 0.0107339 seconds.
Iteration 65 took 0.010749 seconds.
computeGradient took 0.0109118 seconds.
Iteration 66 took 0.0109268 seconds.
computeGradient took 0.0106232 seconds.
Iteration 67 took 0.0106382 seconds.
computeGradient took 0.0107319 seconds.
Iteration 68 took 0.010747 seconds.
computeGradient took 0.0109532 seconds.
Iteration 69 took 0.0109684 seconds.
computeGradient took 0.0107634 seconds.
Iteration 70 took 0.0107783 seconds.
computeGradient took 0.0106961 seconds.
Iteration 71 took 0.0107114 seconds.
computeGradient took 0.0107475 seconds.
Iteration 72 took 0.0107625 seconds.
computeGradient took 0.0108417 seconds.
Iteration 73 took 0.010857 seconds.
computeGradient took 0.0106439 seconds.
Iteration 74 took 0.0106592 seconds.
computeGradient took 0.0108456 seconds.
Iteration 75 took 0.010861 seconds.
computeGradient took 0.0106038 seconds.
Iteration 76 took 0.0106189 seconds.
computeGradient took 0.0107559 seconds.
Iteration 77 took 0.0107709 seconds.
computeGradient took 0.0106249 seconds.
Iteration 78 took 0.01064 seconds.
computeGradient took 0.0107659 seconds.
Iteration 79 took 0.010781 seconds.
computeGradient took 0.0109535 seconds.
Iteration 80 took 0.0109686 seconds.
computeGradient took 0.0107352 seconds.
Iteration 81 took 0.0107549 seconds.
computeGradient took 0.0109852 seconds.
Iteration 82 took 0.0110006 seconds.
computeGradient took 0.0112624 seconds.
Iteration 83 took 0.0112856 seconds.
computeGradient took 0.0108849 seconds.
Iteration 84 took 0.0109015 seconds.
computeGradient took 0.0108461 seconds.
Iteration 85 took 0.0108616 seconds.
computeGradient took 0.0103941 seconds.
Iteration 86 took 0.0104125 seconds.
computeGradient took 0.0107765 seconds.
Iteration 87 took 0.0107917 seconds.
computeGradient took 0.0105292 seconds.
Iteration 88 took 0.0105458 seconds.
computeGradient took 0.0106376 seconds.
Iteration 89 took 0.0106524 seconds.
computeGradient took 0.0106232 seconds.
Iteration 90 took 0.010638 seconds.
computeGradient took 0.0103953 seconds.
Iteration 91 took 0.0104105 seconds.
computeGradient took 0.0103883 seconds.
Iteration 92 took 0.0104032 seconds.
computeGradient took 0.0105904 seconds.
Iteration 93 took 0.0106054 seconds.
computeGradient took 0.0103572 seconds.
Iteration 94 took 0.0103727 seconds.
computeGradient took 0.0102889 seconds.
Iteration 95 took 0.010304 seconds.
computeGradient took 0.0103239 seconds.
Iteration 96 took 0.0103395 seconds.
computeGradient took 0.0102154 seconds.
Iteration 97 took 0.0102303 seconds.
computeGradient took 0.0101611 seconds.
Iteration 98 took 0.0101762 seconds.
computeGradient took 0.0102111 seconds.
Iteration 99 took 0.0102263 seconds.
computeGradient took 0.0103185 seconds.
evaluateError (approximate) took 0.00994113 seconds.
Error evaluation took 0.00994496 seconds.
Iteration 100: error is 0.000000 (50 iterations in 0.54 seconds)
Iteration 100 took 0.0202824 seconds.
computeGradient took 0.0107935 seconds.
Iteration 101 took 0.010808 seconds.
computeGradient took 0.0100024 seconds.
Iteration 102 took 0.0100175 seconds.
computeGradient took 0.0101094 seconds.
Iteration 103 took 0.0101244 seconds.
computeGradient took 0.00998667 seconds.
Iteration 104 took 0.0100029 seconds.
computeGradient took 0.0100235 seconds.
Iteration 105 took 0.0100388 seconds.
computeGradient took 0.0100961 seconds.
Iteration 106 took 0.0101113 seconds.
computeGradient took 0.0101362 seconds.
Iteration 107 took 0.0101511 seconds.
computeGradient took 0.0102305 seconds.
Iteration 108 took 0.0102462 seconds.
computeGradient took 0.010082 seconds.
Iteration 109 took 0.0100971 seconds.
computeGradient took 0.0100222 seconds.
Iteration 110 took 0.0100372 seconds.
computeGradient took 0.0102186 seconds.
Iteration 111 took 0.0102335 seconds.
computeGradient took 0.0101468 seconds.
Iteration 112 took 0.0101617 seconds.
computeGradient took 0.0101956 seconds.
Iteration 113 took 0.0102103 seconds.
computeGradient took 0.0102679 seconds.
Iteration 114 took 0.0102828 seconds.
computeGradient took 0.0101401 seconds.
Iteration 115 took 0.0101552 seconds.
computeGradient took 0.010218 seconds.
Iteration 116 took 0.0102329 seconds.
computeGradient took 0.0101375 seconds.
Iteration 117 took 0.0101523 seconds.
computeGradient took 0.0101889 seconds.
Iteration 118 took 0.0102038 seconds.
computeGradient took 0.0102114 seconds.
Iteration 119 took 0.0102269 seconds.
computeGradient took 0.0103272 seconds.
Iteration 120 took 0.0103425 seconds.
computeGradient took 0.0103802 seconds.
Iteration 121 took 0.010395 seconds.
computeGradient took 0.010254 seconds.
Iteration 122 took 0.0102694 seconds.
computeGradient took 0.0102751 seconds.
Iteration 123 took 0.01029 seconds.
computeGradient took 0.0103433 seconds.
Iteration 124 took 0.0103583 seconds.
computeGradient took 0.0106403 seconds.
Iteration 125 took 0.0106571 seconds.
computeGradient took 0.0105263 seconds.
Iteration 126 took 0.0105425 seconds.
computeGradient took 0.010491 seconds.
Iteration 127 took 0.0105073 seconds.
computeGradient took 0.010561 seconds.
Iteration 128 took 0.0105765 seconds.
computeGradient took 0.0105882 seconds.
Iteration 129 took 0.0106033 seconds.
computeGradient took 0.01043 seconds.
Iteration 130 took 0.0104452 seconds.
computeGradient took 0.0104768 seconds.
Iteration 131 took 0.0104915 seconds.
computeGradient took 0.0112906 seconds.
Iteration 132 took 0.0113057 seconds.
computeGradient took 0.0109265 seconds.
Iteration 133 took 0.0109418 seconds.
computeGradient took 0.0104817 seconds.
Iteration 134 took 0.0104965 seconds.
computeGradient took 0.0105519 seconds.
Iteration 135 took 0.0105671 seconds.
computeGradient took 0.0104695 seconds.
Iteration 136 took 0.0104876 seconds.
computeGradient took 0.0103344 seconds.
Iteration 137 took 0.0103495 seconds.
computeGradient took 0.0104303 seconds.
Iteration 138 took 0.0104452 seconds.
computeGradient took 0.0108557 seconds.
Iteration 139 took 0.0108708 seconds.
computeGradient took 0.0105105 seconds.
Iteration 140 took 0.0105256 seconds.
computeGradient took 0.0106165 seconds.
Iteration 141 took 0.0106315 seconds.
computeGradient took 0.0103572 seconds.
Iteration 142 took 0.0103722 seconds.
computeGradient took 0.0107117 seconds.
Iteration 143 took 0.0107265 seconds.
computeGradient took 0.0103847 seconds.
Iteration 144 took 0.0104 seconds.
computeGradient took 0.0104062 seconds.
Iteration 145 took 0.010421 seconds.
computeGradient took 0.0103992 seconds.
Iteration 146 took 0.0104142 seconds.
computeGradient took 0.0104156 seconds.
Iteration 147 took 0.0104301 seconds.
computeGradient took 0.0103238 seconds.
Iteration 148 took 0.0103396 seconds.
computeGradient took 0.0103373 seconds.
Iteration 149 took 0.0103524 seconds.
computeGradient took 0.0103952 seconds.
evaluateError (approximate) took 0.0102633 seconds.
Error evaluation took 0.0102656 seconds.
Iteration 150: error is 0.000000 (50 iterations in 0.52 seconds)
Iteration 150 took 0.0206798 seconds.
computeGradient took 0.0102565 seconds.
Iteration 151 took 0.0102716 seconds.
computeGradient took 0.0105765 seconds.
Iteration 152 took 0.0105915 seconds.
computeGradient took 0.0103576 seconds.
Iteration 153 took 0.0103724 seconds.
computeGradient took 0.0104417 seconds.
Iteration 154 took 0.0104575 seconds.
computeGradient took 0.0103748 seconds.
Iteration 155 took 0.0103902 seconds.
computeGradient took 0.0104575 seconds.
Iteration 156 took 0.010475 seconds.
computeGradient took 0.0104686 seconds.
Iteration 157 took 0.0104838 seconds.
computeGradient took 0.0156698 seconds.
Iteration 158 took 0.0156913 seconds.
computeGradient took 0.0105261 seconds.
Iteration 159 took 0.0105425 seconds.
computeGradient took 0.0106463 seconds.
Iteration 160 took 0.0106662 seconds.
computeGradient took 0.0120275 seconds.
Iteration 161 took 0.012052 seconds.
computeGradient took 0.0112701 seconds.
Iteration 162 took 0.0112952 seconds.
computeGradient took 0.0153547 seconds.
Iteration 163 took 0.0153785 seconds.
computeGradient took 0.0125207 seconds.
Iteration 164 took 0.0125418 seconds.
computeGradient took 0.0112503 seconds.
Iteration 165 took 0.0112732 seconds.
computeGradient took 0.0108167 seconds.
Iteration 166 took 0.0108396 seconds.
computeGradient took 0.0107068 seconds.
Iteration 167 took 0.0107249 seconds.
computeGradient took 0.0106101 seconds.
Iteration 168 took 0.0106279 seconds.
computeGradient took 0.0106812 seconds.
Iteration 169 took 0.0107019 seconds.
computeGradient took 0.010624 seconds.
Iteration 170 took 0.0106432 seconds.
computeGradient took 0.0105925 seconds.
Iteration 171 took 0.0106105 seconds.
computeGradient took 0.0107458 seconds.
Iteration 172 took 0.0107611 seconds.
computeGradient took 0.011016 seconds.
Iteration 173 took 0.0110355 seconds.
computeGradient took 0.0125659 seconds.
Iteration 174 took 0.012583 seconds.
computeGradient took 0.0107547 seconds.
Iteration 175 took 0.0107739 seconds.
computeGradient took 0.0105819 seconds.
Iteration 176 took 0.0105973 seconds.
computeGradient took 0.0107719 seconds.
Iteration 177 took 0.0107872 seconds.
computeGradient took 0.010741 seconds.
Iteration 178 took 0.0107563 seconds.
computeGradient took 0.0105757 seconds.
Iteration 179 took 0.0105919 seconds.
computeGradient took 0.0108063 seconds.
Iteration 180 took 0.0108231 seconds.
computeGradient took 0.0105942 seconds.
Iteration 181 took 0.0106116 seconds.
computeGradient took 0.0106212 seconds.
Iteration 182 took 0.010637 seconds.
computeGradient took 0.0105681 seconds.
Iteration 183 took 0.0105833 seconds.
computeGradient took 0.012325 seconds.
Iteration 184 took 0.0123405 seconds.
computeGradient took 0.0106263 seconds.
Iteration 185 took 0.0106414 seconds.
computeGradient took 0.0103607 seconds.
Iteration 186 took 0.010376 seconds.
computeGradient took 0.010437 seconds.
Iteration 187 took 0.0104517 seconds.
computeGradient took 0.0105516 seconds.
Iteration 188 took 0.0105667 seconds.
computeGradient took 0.0104895 seconds.
Iteration 189 took 0.0105044 seconds.
computeGradient took 0.0104908 seconds.
Iteration 190 took 0.0105061 seconds.
computeGradient took 0.0105648 seconds.
Iteration 191 took 0.01058 seconds.
computeGradient took 0.010515 seconds.
Iteration 192 took 0.0105305 seconds.
computeGradient took 0.0103619 seconds.
Iteration 193 took 0.0103775 seconds.
computeGradient took 0.010488 seconds.
Iteration 194 took 0.0105031 seconds.
computeGradient took 0.0107239 seconds.
Iteration 195 took 0.0107391 seconds.
computeGradient took 0.0104746 seconds.
Iteration 196 took 0.0104897 seconds.
computeGradient took 0.0103488 seconds.
Iteration 197 took 0.0103642 seconds.
computeGradient took 0.0104409 seconds.
Iteration 198 took 0.0104567 seconds.
computeGradient took 0.0106135 seconds.
Iteration 199 took 0.0106288 seconds.
computeGradient took 0.0106226 seconds.
evaluateError (approximate) took 0.0103085 seconds.
Error evaluation took 0.0103111 seconds.
Iteration 200: error is 0.000000 (50 iterations in 0.54 seconds)
Iteration 200 took 0.0209548 seconds.
computeGradient took 0.0103842 seconds.
Iteration 201 took 0.0104014 seconds.
computeGradient took 0.0105454 seconds.
Iteration 202 took 0.0105623 seconds.
computeGradient took 0.0105032 seconds.
Iteration 203 took 0.0105208 seconds.
computeGradient took 0.0106052 seconds.
Iteration 204 took 0.0106291 seconds.
computeGradient took 0.0108049 seconds.
Iteration 205 took 0.010829 seconds.
computeGradient took 0.0107858 seconds.
Iteration 206 took 0.0108071 seconds.
computeGradient took 0.0107088 seconds.
Iteration 207 took 0.010726 seconds.
computeGradient took 0.0104877 seconds.
Iteration 208 took 0.0105077 seconds.
computeGradient took 0.0104753 seconds.
Iteration 209 took 0.0104929 seconds.
computeGradient took 0.0104317 seconds.
Iteration 210 took 0.0104478 seconds.
computeGradient took 0.0107739 seconds.
Iteration 211 took 0.0107933 seconds.
computeGradient took 0.0104179 seconds.
Iteration 212 took 0.0104352 seconds.
computeGradient took 0.0104392 seconds.
Iteration 213 took 0.010456 seconds.
computeGradient took 0.0105488 seconds.
Iteration 214 took 0.0105655 seconds.
computeGradient took 0.0106081 seconds.
Iteration 215 took 0.0106237 seconds.
computeGradient took 0.0104452 seconds.
Iteration 216 took 0.0104618 seconds.
computeGradient took 0.0102844 seconds.
Iteration 217 took 0.0102993 seconds.
computeGradient took 0.0103855 seconds.
Iteration 218 took 0.0104005 seconds.
computeGradient took 0.0104651 seconds.
Iteration 219 took 0.0104804 seconds.
computeGradient took 0.0103945 seconds.
Iteration 220 took 0.0104102 seconds.
computeGradient took 0.0105169 seconds.
Iteration 221 took 0.0105361 seconds.
computeGradient took 0.0104135 seconds.
Iteration 222 took 0.0104323 seconds.
computeGradient took 0.0106215 seconds.
Iteration 223 took 0.0106365 seconds.
computeGradient took 0.010546 seconds.
Iteration 224 took 0.010561 seconds.
computeGradient took 0.0104892 seconds.
Iteration 225 took 0.0105038 seconds.
computeGradient took 0.010295 seconds.
Iteration 226 took 0.0103101 seconds.
computeGradient took 0.0105455 seconds.
Iteration 227 took 0.0105603 seconds.
computeGradient took 0.0103776 seconds.
Iteration 228 took 0.0103926 seconds.
computeGradient took 0.0107331 seconds.
Iteration 229 took 0.010749 seconds.
computeGradient took 0.0105113 seconds.
Iteration 230 took 0.0105266 seconds.
computeGradient took 0.0103637 seconds.
Iteration 231 took 0.0103792 seconds.
computeGradient took 0.0104771 seconds.
Iteration 232 took 0.0104955 seconds.
computeGradient took 0.0106226 seconds.
Iteration 233 took 0.0106396 seconds.
computeGradient took 0.010404 seconds.
Iteration 234 took 0.0104204 seconds.
computeGradient took 0.0105511 seconds.
Iteration 235 took 0.0105687 seconds.
computeGradient took 0.0105173 seconds.
Iteration 236 took 0.0105335 seconds.
computeGradient took 0.0106253 seconds.
Iteration 237 took 0.0106415 seconds.
computeGradient took 0.0113035 seconds.
Iteration 238 took 0.0113209 seconds.
computeGradient took 0.0105439 seconds.
Iteration 239 took 0.0105606 seconds.
computeGradient took 0.0103485 seconds.
Iteration 240 took 0.0103679 seconds.
computeGradient took 0.0106811 seconds.
Iteration 241 took 0.0106971 seconds.
computeGradient took 0.0111912 seconds.
Iteration 242 took 0.0112089 seconds.
computeGradient took 0.0106946 seconds.
Iteration 243 took 0.010711 seconds.
computeGradient took 0.0104986 seconds.
Iteration 244 took 0.0105146 seconds.
computeGradient took 0.0106353 seconds.
Iteration 245 took 0.0106506 seconds.
computeGradient took 0.0106029 seconds.
Iteration 246 took 0.0106192 seconds.
computeGradient took 0.0105918 seconds.
Iteration 247 took 0.0106071 seconds.
computeGradient took 0.0104383 seconds.
Iteration 248 took 0.0104537 seconds.
computeGradient took 0.010385 seconds.
Iteration 249 took 0.0104028 seconds.
computeGradient took 0.0105561 seconds.
evaluateError (approximate) took 0.0101537 seconds.
Error evaluation took 0.0101565 seconds.
Iteration 250: error is 0.000000 (50 iterations in 0.53 seconds)
Iteration 250 took 0.0208304 seconds.
computeGradient took 0.0101966 seconds.
Iteration 251 took 0.0102117 seconds.
computeGradient took 0.0106226 seconds.
Iteration 252 took 0.0106445 seconds.
computeGradient took 0.0107866 seconds.
Iteration 253 took 0.0108024 seconds.
computeGradient took 0.01059 seconds.
Iteration 254 took 0.0106052 seconds.
computeGradient took 0.0108593 seconds.
Iteration 255 took 0.0108753 seconds.
computeGradient took 0.0108255 seconds.
Iteration 256 took 0.0108415 seconds.
computeGradient took 0.0106922 seconds.
Iteration 257 took 0.0107074 seconds.
computeGradient took 0.0105563 seconds.
Iteration 258 took 0.0105718 seconds.
computeGradient took 0.0105951 seconds.
Iteration 259 took 0.010611 seconds.
computeGradient took 0.0103674 seconds.
Iteration 260 took 0.010383 seconds.
computeGradient took 0.010151 seconds.
Iteration 261 took 0.0101664 seconds.
computeGradient took 0.0101993 seconds.
Iteration 262 took 0.010215 seconds.
computeGradient took 0.0101844 seconds.
Iteration 263 took 0.0102002 seconds.
computeGradient took 0.0101635 seconds.
Iteration 264 took 0.0101837 seconds.
computeGradient took 0.0103845 seconds.
Iteration 265 took 0.0104108 seconds.
computeGradient took 0.0104035 seconds.
Iteration 266 took 0.0104399 seconds.
computeGradient took 0.0271027 seconds.
Iteration 267 took 0.0271284 seconds.
computeGradient took 0.0136214 seconds.
Iteration 268 took 0.013644 seconds.
computeGradient took 0.0100283 seconds.
Iteration 269 took 0.0100503 seconds.
computeGradient took 0.0101501 seconds.
Iteration 270 took 0.0101685 seconds.
computeGradient took 0.0101981 seconds.
Iteration 271 took 0.0102155 seconds.
computeGradient took 0.0100421 seconds.
Iteration 272 took 0.0100587 seconds.
computeGradient took 0.0102036 seconds.
Iteration 273 took 0.0102197 seconds.
computeGradient took 0.0100269 seconds.
Iteration 274 took 0.0100433 seconds.
computeGradient took 0.01016 seconds.
Iteration 275 took 0.0101797 seconds.
computeGradient took 0.0102182 seconds.
Iteration 276 took 0.0102348 seconds.
computeGradient took 0.0100888 seconds.
Iteration 277 took 0.0101065 seconds.
computeGradient took 0.0100158 seconds.
Iteration 278 took 0.0100315 seconds.
computeGradient took 0.0102392 seconds.
Iteration 279 took 0.0102551 seconds.
computeGradient took 0.00994567 seconds.
Iteration 280 took 0.00997158 seconds.
computeGradient took 0.00992733 seconds.
Iteration 281 took 0.00994292 seconds.
computeGradient took 0.0098325 seconds.
Iteration 282 took 0.00984854 seconds.
computeGradient took 0.00980158 seconds.
Iteration 283 took 0.00981708 seconds.
computeGradient took 0.00964296 seconds.
Iteration 284 took 0.00965829 seconds.
computeGradient took 0.00965437 seconds.
Iteration 285 took 0.00967271 seconds.
computeGradient took 0.00963533 seconds.
Iteration 286 took 0.00965104 seconds.
computeGradient took 0.00957742 seconds.
Iteration 287 took 0.009593 seconds.
computeGradient took 0.009507 seconds.
Iteration 288 took 0.00952217 seconds.
computeGradient took 0.00946613 seconds.
Iteration 289 took 0.00948212 seconds.
computeGradient took 0.00953204 seconds.
Iteration 290 took 0.00954729 seconds.
computeGradient took 0.00952854 seconds.
Iteration 291 took 0.00954867 seconds.
computeGradient took 0.00965042 seconds.
Iteration 292 took 0.0096675 seconds.
computeGradient took 0.00969767 seconds.
Iteration 293 took 0.00971358 seconds.
computeGradient took 0.00959983 seconds.
Iteration 294 took 0.00961521 seconds.
computeGradient took 0.00958521 seconds.
Iteration 295 took 0.00960079 seconds.
computeGradient took 0.00954529 seconds.
Iteration 296 took 0.00956096 seconds.
computeGradient took 0.00976483 seconds.
Iteration 297 took 0.00978017 seconds.
computeGradient took 0.00982996 seconds.
Iteration 298 took 0.00984879 seconds.
computeGradient took 0.00975867 seconds.
Iteration 299 took 0.00977442 seconds.
computeGradient took 0.00975413 seconds.
evaluateError (approximate) took 0.00936325 seconds.
Error evaluation took 0.00936563 seconds.
Iteration 300: error is 0.000000 (50 iterations in 0.51 seconds)
Iteration 300 took 0.0191426 seconds.
computeGradient took 0.00985196 seconds.
Iteration 301 took 0.0098675 seconds.
computeGradient took 0.00978838 seconds.
Iteration 302 took 0.00980438 seconds.
computeGradient took 0.00964717 seconds.
Iteration 303 took 0.00966287 seconds.
computeGradient took 0.0096965 seconds.
Iteration 304 took 0.00971183 seconds.
computeGradient took 0.00963708 seconds.
Iteration 305 took 0.00965471 seconds.
computeGradient took 0.00963954 seconds.
Iteration 306 took 0.00965467 seconds.
computeGradient took 0.00956754 seconds.
Iteration 307 took 0.00958325 seconds.
computeGradient took 0.009576 seconds.
Iteration 308 took 0.00959171 seconds.
computeGradient took 0.00959892 seconds.
Iteration 309 took 0.009615 seconds.
computeGradient took 0.00953583 seconds.
Iteration 310 took 0.00955337 seconds.
computeGradient took 0.00962733 seconds.
Iteration 311 took 0.00964654 seconds.
computeGradient took 0.00953921 seconds.
Iteration 312 took 0.00955417 seconds.
computeGradient took 0.00958492 seconds.
Iteration 313 took 0.00960012 seconds.
computeGradient took 0.00960146 seconds.
Iteration 314 took 0.00961671 seconds.
computeGradient took 0.00954042 seconds.
Iteration 315 took 0.00955571 seconds.
computeGradient took 0.00951788 seconds.
Iteration 316 took 0.00953467 seconds.
computeGradient took 0.00948908 seconds.
Iteration 317 took 0.00950408 seconds.
computeGradient took 0.00953821 seconds.
Iteration 318 took 0.00955333 seconds.
computeGradient took 0.00949471 seconds.
Iteration 319 took 0.00951471 seconds.
computeGradient took 0.00953987 seconds.
Iteration 320 took 0.00955529 seconds.
computeGradient took 0.00943146 seconds.
Iteration 321 took 0.00944692 seconds.
computeGradient took 0.00953804 seconds.
Iteration 322 took 0.00955304 seconds.
computeGradient took 0.00939996 seconds.
Iteration 323 took 0.00941496 seconds.
computeGradient took 0.00950071 seconds.
Iteration 324 took 0.00951592 seconds.
computeGradient took 0.00951288 seconds.
Iteration 325 took 0.00952796 seconds.
computeGradient took 0.009452 seconds.
Iteration 326 took 0.00946708 seconds.
computeGradient took 0.00940608 seconds.
Iteration 327 took 0.00942137 seconds.
computeGradient took 0.00947192 seconds.
Iteration 328 took 0.00948692 seconds.
computeGradient took 0.00945833 seconds.
Iteration 329 took 0.00947358 seconds.
computeGradient took 0.00942646 seconds.
Iteration 330 took 0.00944125 seconds.
computeGradient took 0.00934167 seconds.
Iteration 331 took 0.00935692 seconds.
computeGradient took 0.00943254 seconds.
Iteration 332 took 0.00944737 seconds.
computeGradient took 0.00945479 seconds.
Iteration 333 took 0.00946963 seconds.
computeGradient took 0.00948567 seconds.
Iteration 334 took 0.00950088 seconds.
computeGradient took 0.00954229 seconds.
Iteration 335 took 0.00955721 seconds.
computeGradient took 0.00950792 seconds.
Iteration 336 took 0.00952292 seconds.
computeGradient took 0.00949271 seconds.
Iteration 337 took 0.00950767 seconds.
computeGradient took 0.00948596 seconds.
Iteration 338 took 0.00950054 seconds.
computeGradient took 0.00945408 seconds.
Iteration 339 took 0.009469 seconds.
computeGradient took 0.0128046 seconds.
Iteration 340 took 0.012827 seconds.
computeGradient took 0.00961004 seconds.
Iteration 341 took 0.00962779 seconds.
computeGradient took 0.00981696 seconds.
Iteration 342 took 0.00983404 seconds.
computeGradient took 0.00972613 seconds.
Iteration 343 took 0.00974933 seconds.
computeGradient took 0.0114318 seconds.
Iteration 344 took 0.0114558 seconds.
computeGradient took 0.010884 seconds.
Iteration 345 took 0.0109055 seconds.
computeGradient took 0.0117831 seconds.
Iteration 346 took 0.0118054 seconds.
computeGradient took 0.0115639 seconds.
Iteration 347 took 0.0115851 seconds.
computeGradient took 0.00992479 seconds.
Iteration 348 took 0.00995196 seconds.
computeGradient took 0.00971196 seconds.
Iteration 349 took 0.00972912 seconds.
computeGradient took 0.00979079 seconds.
evaluateError (approximate) took 0.0099765 seconds.
Error evaluation took 0.00998175 seconds.
Iteration 350: error is 0.000000 (50 iterations in 0.48 seconds)
Iteration 350 took 0.019798 seconds.
computeGradient took 0.00970433 seconds.
Iteration 351 took 0.009726 seconds.
computeGradient took 0.0097225 seconds.
Iteration 352 took 0.00974062 seconds.
computeGradient took 0.0100883 seconds.
Iteration 353 took 0.0101041 seconds.
computeGradient took 0.00964021 seconds.
Iteration 354 took 0.00965504 seconds.
computeGradient took 0.00943904 seconds.
Iteration 355 took 0.00945458 seconds.
computeGradient took 0.00944838 seconds.
Iteration 356 took 0.00946346 seconds.
computeGradient took 0.00955662 seconds.
Iteration 357 took 0.00957275 seconds.
computeGradient took 0.0095525 seconds.
Iteration 358 took 0.00956838 seconds.
computeGradient took 0.00939417 seconds.
Iteration 359 took 0.00940929 seconds.
computeGradient took 0.00937417 seconds.
Iteration 360 took 0.00938925 seconds.
computeGradient took 0.00935833 seconds.
Iteration 361 took 0.00937342 seconds.
computeGradient took 0.00941646 seconds.
Iteration 362 took 0.00943154 seconds.
computeGradient took 0.00936346 seconds.
Iteration 363 took 0.00938 seconds.
computeGradient took 0.00939679 seconds.
Iteration 364 took 0.00941246 seconds.
computeGradient took 0.00973383 seconds.
Iteration 365 took 0.00975629 seconds.
computeGradient took 0.009417 seconds.
Iteration 366 took 0.00943263 seconds.
computeGradient took 0.00944937 seconds.
Iteration 367 took 0.00946496 seconds.
computeGradient took 0.0165502 seconds.
Iteration 368 took 0.0165724 seconds.
computeGradient took 0.00952333 seconds.
Iteration 369 took 0.00954175 seconds.
computeGradient took 0.00993512 seconds.
Iteration 370 took 0.00995812 seconds.
computeGradient took 0.00981279 seconds.
Iteration 371 took 0.00983271 seconds.
computeGradient took 0.00987075 seconds.
Iteration 372 took 0.00989529 seconds.
computeGradient took 0.0104356 seconds.
Iteration 373 took 0.0104605 seconds.
computeGradient took 0.0108286 seconds.
Iteration 374 took 0.01085 seconds.
computeGradient took 0.00980012 seconds.
Iteration 375 took 0.00981908 seconds.
computeGradient took 0.0101292 seconds.
Iteration 376 took 0.0101507 seconds.
computeGradient took 0.00982046 seconds.
Iteration 377 took 0.00983729 seconds.
computeGradient took 0.00971888 seconds.
Iteration 378 took 0.00973629 seconds.
computeGradient took 0.00988642 seconds.
Iteration 379 took 0.00990725 seconds.
computeGradient took 0.00959521 seconds.
Iteration 380 took 0.00961737 seconds.
computeGradient took 0.00965633 seconds.
Iteration 381 took 0.00967371 seconds.
computeGradient took 0.00965483 seconds.
Iteration 382 took 0.00967067 seconds.
computeGradient took 0.00968375 seconds.
Iteration 383 took 0.00969883 seconds.
computeGradient took 0.00968625 seconds.
Iteration 384 took 0.00970167 seconds.
computeGradient took 0.00973154 seconds.
Iteration 385 took 0.00974646 seconds.
computeGradient took 0.00972763 seconds.
Iteration 386 took 0.00974583 seconds.
computeGradient took 0.00968417 seconds.
Iteration 387 took 0.00969925 seconds.
computeGradient took 0.00970163 seconds.
Iteration 388 took 0.00971721 seconds.
computeGradient took 0.00989583 seconds.
Iteration 389 took 0.00991475 seconds.
computeGradient took 0.00959654 seconds.
Iteration 390 took 0.00961167 seconds.
computeGradient took 0.00947346 seconds.
Iteration 391 took 0.00948917 seconds.
computeGradient took 0.00949413 seconds.
Iteration 392 took 0.00951108 seconds.
computeGradient took 0.00949875 seconds.
Iteration 393 took 0.00951708 seconds.
computeGradient took 0.00949396 seconds.
Iteration 394 took 0.00951029 seconds.
computeGradient took 0.00942771 seconds.
Iteration 395 took 0.00945004 seconds.
computeGradient took 0.00936871 seconds.
Iteration 396 took 0.00938396 seconds.
computeGradient took 0.00949013 seconds.
Iteration 397 took 0.00950563 seconds.
computeGradient took 0.00946425 seconds.
Iteration 398 took 0.00947904 seconds.
computeGradient took 0.00942346 seconds.
Iteration 399 took 0.0094465 seconds.
computeGradient took 0.00973696 seconds.
evaluateError (approximate) took 0.00939196 seconds.
Error evaluation took 0.00939425 seconds.
Iteration 400: error is 0.000000 (50 iterations in 0.48 seconds)
Iteration 400 took 0.0191509 seconds.
computeGradient took 0.00933167 seconds.
Iteration 401 took 0.00934679 seconds.
computeGradient took 0.00945388 seconds.
Iteration 402 took 0.00946917 seconds.
computeGradient took 0.00950292 seconds.
Iteration 403 took 0.009518 seconds.
computeGradient took 0.00948188 seconds.
Iteration 404 took 0.009497 seconds.
computeGradient took 0.00953925 seconds.
Iteration 405 took 0.00955396 seconds.
computeGradient took 0.00946996 seconds.
Iteration 406 took 0.00948692 seconds.
computeGradient took 0.00949413 seconds.
Iteration 407 took 0.0095095 seconds.
computeGradient took 0.00948021 seconds.
Iteration 408 took 0.00949487 seconds.
computeGradient took 0.00950508 seconds.
Iteration 409 took 0.00952021 seconds.
computeGradient took 0.00946767 seconds.
Iteration 410 took 0.00948258 seconds.
computeGradient took 0.00954058 seconds.
Iteration 411 took 0.00955558 seconds.
computeGradient took 0.00954575 seconds.
Iteration 412 took 0.00956146 seconds.
computeGradient took 0.00970779 seconds.
Iteration 413 took 0.00972325 seconds.
computeGradient took 0.00958275 seconds.
Iteration 414 took 0.00959783 seconds.
computeGradient took 0.00959579 seconds.
Iteration 415 took 0.00961087 seconds.
computeGradient took 0.00958258 seconds.
Iteration 416 took 0.00959763 seconds.
computeGradient took 0.00963304 seconds.
Iteration 417 took 0.00964808 seconds.
computeGradient took 0.00968679 seconds.
Iteration 418 took 0.00970467 seconds.
computeGradient took 0.00966625 seconds.
Iteration 419 took 0.00968138 seconds.
computeGradient took 0.00971054 seconds.
Iteration 420 took 0.00972562 seconds.
computeGradient took 0.00960246 seconds.
Iteration 421 took 0.00961742 seconds.
computeGradient took 0.00956567 seconds.
Iteration 422 took 0.00958071 seconds.
computeGradient took 0.00952917 seconds.
Iteration 423 took 0.00954475 seconds.
computeGradient took 0.00976037 seconds.
Iteration 424 took 0.00978396 seconds.
computeGradient took 0.0106244 seconds.
Iteration 425 took 0.0106481 seconds.
computeGradient took 0.0109818 seconds.
Iteration 426 took 0.0110039 seconds.
computeGradient took 0.0100172 seconds.
Iteration 427 took 0.0100392 seconds.
computeGradient took 0.0107139 seconds.
Iteration 428 took 0.0107366 seconds.
computeGradient took 0.0100221 seconds.
Iteration 429 took 0.01004 seconds.
computeGradient took 0.0104095 seconds.
Iteration 430 took 0.0104307 seconds.
computeGradient took 0.00969479 seconds.
Iteration 431 took 0.00971396 seconds.
computeGradient took 0.0095715 seconds.
Iteration 432 took 0.00958921 seconds.
computeGradient took 0.00961888 seconds.
Iteration 433 took 0.0096465 seconds.
computeGradient took 0.00979842 seconds.
Iteration 434 took 0.00981479 seconds.
computeGradient took 0.00962821 seconds.
Iteration 435 took 0.00964796 seconds.
computeGradient took 0.00958546 seconds.
Iteration 436 took 0.00960187 seconds.
computeGradient took 0.00953062 seconds.
Iteration 437 took 0.00954692 seconds.
computeGradient took 0.00954342 seconds.
Iteration 438 took 0.00955975 seconds.
computeGradient took 0.00955092 seconds.
Iteration 439 took 0.00956708 seconds.
computeGradient took 0.00950225 seconds.
Iteration 440 took 0.00951833 seconds.
computeGradient took 0.0095185 seconds.
Iteration 441 took 0.00953396 seconds.
computeGradient took 0.00951067 seconds.
Iteration 442 took 0.00952546 seconds.
computeGradient took 0.00948908 seconds.
Iteration 443 took 0.00950442 seconds.
computeGradient took 0.00952617 seconds.
Iteration 444 took 0.0095415 seconds.
computeGradient took 0.00949363 seconds.
Iteration 445 took 0.00950929 seconds.
computeGradient took 0.00944325 seconds.
Iteration 446 took 0.00946292 seconds.
computeGradient took 0.00956046 seconds.
Iteration 447 took 0.00957538 seconds.
computeGradient took 0.00948108 seconds.
Iteration 448 took 0.00949646 seconds.
computeGradient took 0.00946746 seconds.
Iteration 449 took 0.00948275 seconds.
computeGradient took 0.00939354 seconds.
evaluateError (approximate) took 0.00945396 seconds.
Error evaluation took 0.00946162 seconds.
Iteration 450: error is 0.000000 (50 iterations in 0.48 seconds)
Iteration 450 took 0.0188809 seconds.
computeGradient took 0.0100874 seconds.
Iteration 451 took 0.0101072 seconds.
computeGradient took 0.00948675 seconds.
Iteration 452 took 0.00950858 seconds.
computeGradient took 0.00970967 seconds.
Iteration 453 took 0.00973204 seconds.
computeGradient took 0.00969942 seconds.
Iteration 454 took 0.00971533 seconds.
computeGradient took 0.00961754 seconds.
Iteration 455 took 0.00963388 seconds.
computeGradient took 0.00978021 seconds.
Iteration 456 took 0.00979733 seconds.
computeGradient took 0.0096815 seconds.
Iteration 457 took 0.00969842 seconds.
computeGradient took 0.00979033 seconds.
Iteration 458 took 0.00981008 seconds.
computeGradient took 0.00989687 seconds.
Iteration 459 took 0.00991429 seconds.
computeGradient took 0.00977521 seconds.
Iteration 460 took 0.00979142 seconds.
computeGradient took 0.00957946 seconds.
Iteration 461 took 0.00959571 seconds.
computeGradient took 0.009597 seconds.
Iteration 462 took 0.00961296 seconds.
computeGradient took 0.00954904 seconds.
Iteration 463 took 0.00956658 seconds.
computeGradient took 0.00947079 seconds.
Iteration 464 took 0.00948929 seconds.
computeGradient took 0.00948779 seconds.
Iteration 465 took 0.00950287 seconds.
computeGradient took 0.00952167 seconds.
Iteration 466 took 0.0095365 seconds.
computeGradient took 0.00957154 seconds.
Iteration 467 took 0.00958646 seconds.
computeGradient took 0.00962588 seconds.
Iteration 468 took 0.00964113 seconds.
computeGradient took 0.00962979 seconds.
Iteration 469 took 0.00964483 seconds.
computeGradient took 0.00958525 seconds.
Iteration 470 took 0.00960021 seconds.
computeGradient took 0.00955763 seconds.
Iteration 471 took 0.00957246 seconds.
computeGradient took 0.00959454 seconds.
Iteration 472 took 0.00960958 seconds.
computeGradient took 0.00954346 seconds.
Iteration 473 took 0.00955858 seconds.
computeGradient took 0.00949538 seconds.
Iteration 474 took 0.00950996 seconds.
computeGradient took 0.00945096 seconds.
Iteration 475 took 0.00946604 seconds.
computeGradient took 0.0095735 seconds.
Iteration 476 took 0.00958858 seconds.
computeGradient took 0.009515 seconds.
Iteration 477 took 0.00953029 seconds.
computeGradient took 0.00951588 seconds.
Iteration 478 took 0.00953087 seconds.
computeGradient took 0.00952863 seconds.
Iteration 479 took 0.00954392 seconds.
computeGradient took 0.00947404 seconds.
Iteration 480 took 0.00948908 seconds.
computeGradient took 0.00944758 seconds.
Iteration 481 took 0.00946221 seconds.
computeGradient took 0.00945317 seconds.
Iteration 482 took 0.00946813 seconds.
computeGradient took 0.00945283 seconds.
Iteration 483 took 0.00946817 seconds.
computeGradient took 0.00940579 seconds.
Iteration 484 took 0.00942104 seconds.
computeGradient took 0.00945087 seconds.
Iteration 485 took 0.00946596 seconds.
computeGradient took 0.00948758 seconds.
Iteration 486 took 0.00950275 seconds.
computeGradient took 0.00948071 seconds.
Iteration 487 took 0.00949571 seconds.
computeGradient took 0.00952833 seconds.
Iteration 488 took 0.0095445 seconds.
computeGradient took 0.00958708 seconds.
Iteration 489 took 0.0096025 seconds.
computeGradient took 0.00955029 seconds.
Iteration 490 took 0.00956575 seconds.
computeGradient took 0.00949383 seconds.
Iteration 491 took 0.00950879 seconds.
computeGradient took 0.00955012 seconds.
Iteration 492 took 0.00956567 seconds.
computeGradient took 0.00988492 seconds.
Iteration 493 took 0.00990508 seconds.
computeGradient took 0.00981788 seconds.
Iteration 494 took 0.00983417 seconds.
computeGradient took 0.00981283 seconds.
Iteration 495 took 0.00982813 seconds.
computeGradient took 0.00974446 seconds.
Iteration 496 took 0.00976021 seconds.
computeGradient took 0.009678 seconds.
Iteration 497 took 0.00969467 seconds.
computeGradient took 0.00962725 seconds.
Iteration 498 took 0.00964292 seconds.
computeGradient took 0.00978575 seconds.
Iteration 499 took 0.00980683 seconds.
computeGradient took 0.00993763 seconds.
evaluateError (approximate) took 0.0095885 seconds.
Error evaluation took 0.0095915 seconds.
Iteration 500: error is 0.000000 (50 iterations in 0.48 seconds)
Iteration 500 took 0.019551 seconds.
computeGradient took 0.0119715 seconds.
Iteration 501 took 0.0119922 seconds.
computeGradient took 0.0101177 seconds.
Iteration 502 took 0.010137 seconds.
computeGradient took 0.0102636 seconds.
Iteration 503 took 0.0102861 seconds.
computeGradient took 0.0110542 seconds.
Iteration 504 took 0.0110779 seconds.
computeGradient took 0.0100825 seconds.
Iteration 505 took 0.0101012 seconds.
computeGradient took 0.0131697 seconds.
Iteration 506 took 0.013199 seconds.
computeGradient took 0.0133096 seconds.
Iteration 507 took 0.0133317 seconds.
computeGradient took 0.0107893 seconds.
Iteration 508 took 0.010812 seconds.
computeGradient took 0.010928 seconds.
Iteration 509 took 0.0109491 seconds.
computeGradient took 0.0113173 seconds.
Iteration 510 took 0.01134 seconds.
computeGradient took 0.0111616 seconds.
Iteration 511 took 0.011185 seconds.
computeGradient took 0.0106873 seconds.
Iteration 512 took 0.0107122 seconds.
computeGradient took 0.0105102 seconds.
Iteration 513 took 0.0105383 seconds.
computeGradient took 0.0110475 seconds.
Iteration 514 took 0.0110702 seconds.
computeGradient took 0.0109723 seconds.
Iteration 515 took 0.0109945 seconds.
computeGradient took 0.0106673 seconds.
Iteration 516 took 0.0106913 seconds.
computeGradient took 0.0101664 seconds.
Iteration 517 took 0.0101932 seconds.
computeGradient took 0.0101541 seconds.
Iteration 518 took 0.0101725 seconds.
computeGradient took 0.0101019 seconds.
Iteration 519 took 0.0101207 seconds.
computeGradient took 0.00990317 seconds.
Iteration 520 took 0.00992063 seconds.
computeGradient took 0.00981421 seconds.
Iteration 521 took 0.00983546 seconds.
computeGradient took 0.0101039 seconds.
Iteration 522 took 0.0101253 seconds.
computeGradient took 0.0100305 seconds.
Iteration 523 took 0.0100511 seconds.
computeGradient took 0.0105195 seconds.
Iteration 524 took 0.0105542 seconds.
computeGradient took 0.0100993 seconds.
Iteration 525 took 0.01012 seconds.
computeGradient took 0.0101172 seconds.
Iteration 526 took 0.0101408 seconds.
computeGradient took 0.0104153 seconds.
Iteration 527 took 0.0104337 seconds.
computeGradient took 0.0101871 seconds.
Iteration 528 took 0.0102046 seconds.
computeGradient took 0.010701 seconds.
Iteration 529 took 0.0107187 seconds.
computeGradient took 0.00991021 seconds.
Iteration 530 took 0.00993204 seconds.
computeGradient took 0.0101013 seconds.
Iteration 531 took 0.0101208 seconds.
computeGradient took 0.00958558 seconds.
Iteration 532 took 0.00960729 seconds.
computeGradient took 0.00994 seconds.
Iteration 533 took 0.00995762 seconds.
computeGradient took 0.0100329 seconds.
Iteration 534 took 0.0100558 seconds.
computeGradient took 0.0116666 seconds.
Iteration 535 took 0.0116901 seconds.
computeGradient took 0.00978725 seconds.
Iteration 536 took 0.00980496 seconds.
computeGradient took 0.00975379 seconds.
Iteration 537 took 0.00977263 seconds.
computeGradient took 0.00977425 seconds.
Iteration 538 took 0.00979367 seconds.
computeGradient took 0.00970804 seconds.
Iteration 539 took 0.00972683 seconds.
computeGradient took 0.00975158 seconds.
Iteration 540 took 0.00976975 seconds.
computeGradient took 0.00980679 seconds.
Iteration 541 took 0.00982517 seconds.
computeGradient took 0.00985704 seconds.
Iteration 542 took 0.00987554 seconds.
computeGradient took 0.00980917 seconds.
Iteration 543 took 0.0098285 seconds.
computeGradient took 0.00969108 seconds.
Iteration 544 took 0.00970854 seconds.
computeGradient took 0.00977729 seconds.
Iteration 545 took 0.00979571 seconds.
computeGradient took 0.00972029 seconds.
Iteration 546 took 0.00974521 seconds.
computeGradient took 0.00986492 seconds.
Iteration 547 took 0.00988329 seconds.
computeGradient took 0.00995513 seconds.
Iteration 548 took 0.00997829 seconds.
computeGradient took 0.00995096 seconds.
Iteration 549 took 0.00996958 seconds.
computeGradient took 0.0097545 seconds.
evaluateError (approximate) took 0.0095175 seconds.
Error evaluation took 0.00952062 seconds.
Iteration 550: error is 0.000000 (50 iterations in 0.51 seconds)
Iteration 550 took 0.0192978 seconds.
computeGradient took 0.00963113 seconds.
Iteration 551 took 0.0096475 seconds.
computeGradient took 0.00963421 seconds.
Iteration 552 took 0.00964946 seconds.
computeGradient took 0.00958092 seconds.
Iteration 553 took 0.00959596 seconds.
computeGradient took 0.00960292 seconds.
Iteration 554 took 0.00961792 seconds.
computeGradient took 0.00957175 seconds.
Iteration 555 took 0.00958971 seconds.
computeGradient took 0.00958271 seconds.
Iteration 556 took 0.00959788 seconds.
computeGradient took 0.00958563 seconds.
Iteration 557 took 0.00960117 seconds.
computeGradient took 0.00961138 seconds.
Iteration 558 took 0.00962721 seconds.
computeGradient took 0.009742 seconds.
Iteration 559 took 0.00976588 seconds.
computeGradient took 0.0101266 seconds.
Iteration 560 took 0.010145 seconds.
computeGradient took 0.0101275 seconds.
Iteration 561 took 0.0101473 seconds.
computeGradient took 0.00972883 seconds.
Iteration 562 took 0.00974592 seconds.
computeGradient took 0.00976137 seconds.
Iteration 563 took 0.00977758 seconds.
computeGradient took 0.00973458 seconds.
Iteration 564 took 0.00975175 seconds.
computeGradient took 0.00978112 seconds.
Iteration 565 took 0.00979812 seconds.
computeGradient took 0.00968308 seconds.
Iteration 566 took 0.00969996 seconds.
computeGradient took 0.00975112 seconds.
Iteration 567 took 0.009773 seconds.
computeGradient took 0.0100816 seconds.
Iteration 568 took 0.0101061 seconds.
computeGradient took 0.00989521 seconds.
Iteration 569 took 0.00991121 seconds.
computeGradient took 0.00986158 seconds.
Iteration 570 took 0.00987733 seconds.
computeGradient took 0.00972842 seconds.
Iteration 571 took 0.0097435 seconds.
computeGradient took 0.00992342 seconds.
Iteration 572 took 0.00994133 seconds.
computeGradient took 0.00983013 seconds.
Iteration 573 took 0.009851 seconds.
computeGradient took 0.00988283 seconds.
Iteration 574 took 0.00990496 seconds.
computeGradient took 0.00988679 seconds.
Iteration 575 took 0.00990404 seconds.
computeGradient took 0.00981071 seconds.
Iteration 576 took 0.00982817 seconds.
computeGradient took 0.00983167 seconds.
Iteration 577 took 0.00984996 seconds.
computeGradient took 0.00984371 seconds.
Iteration 578 took 0.00986158 seconds.
computeGradient took 0.00971508 seconds.
Iteration 579 took 0.00973308 seconds.
computeGradient took 0.00975458 seconds.
Iteration 580 took 0.0097725 seconds.
computeGradient took 0.00991683 seconds.
Iteration 581 took 0.00994187 seconds.
computeGradient took 0.00977867 seconds.
Iteration 582 took 0.00979642 seconds.
computeGradient took 0.00967392 seconds.
Iteration 583 took 0.00969046 seconds.
computeGradient took 0.00970746 seconds.
Iteration 584 took 0.00972638 seconds.
computeGradient took 0.00971254 seconds.
Iteration 585 took 0.00973271 seconds.
computeGradient took 0.00985288 seconds.
Iteration 586 took 0.00987371 seconds.
computeGradient took 0.00960075 seconds.
Iteration 587 took 0.00961863 seconds.
computeGradient took 0.0100676 seconds.
Iteration 588 took 0.0100925 seconds.
computeGradient took 0.0100477 seconds.
Iteration 589 took 0.0100667 seconds.
computeGradient took 0.00999254 seconds.
Iteration 590 took 0.0100169 seconds.
computeGradient took 0.00976142 seconds.
Iteration 591 took 0.00977967 seconds.
computeGradient took 0.00975137 seconds.
Iteration 592 took 0.00976933 seconds.
computeGradient took 0.00978546 seconds.
Iteration 593 took 0.00980371 seconds.
computeGradient took 0.0101129 seconds.
Iteration 594 took 0.0101384 seconds.
computeGradient took 0.0104928 seconds.
Iteration 595 took 0.0105126 seconds.
computeGradient took 0.00990521 seconds.
Iteration 596 took 0.00992192 seconds.
computeGradient took 0.00989658 seconds.
Iteration 597 took 0.00991321 seconds.
computeGradient took 0.00980913 seconds.
Iteration 598 took 0.00982492 seconds.
computeGradient took 0.0098575 seconds.
Iteration 599 took 0.00987367 seconds.
computeGradient took 0.00974642 seconds.
evaluateError (approximate) took 0.00945571 seconds.
Error evaluation took 0.00945854 seconds.
Iteration 600: error is 0.000000 (50 iterations in 0.49 seconds)
Iteration 600 took 0.0192267 seconds.
computeGradient took 0.00972733 seconds.
Iteration 601 took 0.009743 seconds.
computeGradient took 0.00978583 seconds.
Iteration 602 took 0.0098045 seconds.
computeGradient took 0.00980729 seconds.
Iteration 603 took 0.00982338 seconds.
computeGradient took 0.00979858 seconds.
Iteration 604 took 0.00981954 seconds.
computeGradient took 0.00981242 seconds.
Iteration 605 took 0.00983004 seconds.
computeGradient took 0.00995508 seconds.
Iteration 606 took 0.00997317 seconds.
computeGradient took 0.0109852 seconds.
Iteration 607 took 0.0110038 seconds.
computeGradient took 0.00984404 seconds.
Iteration 608 took 0.00986025 seconds.
computeGradient took 0.00990646 seconds.
Iteration 609 took 0.00992312 seconds.
computeGradient took 0.00991538 seconds.
Iteration 610 took 0.00993279 seconds.
computeGradient took 0.00974983 seconds.
Iteration 611 took 0.00976596 seconds.
computeGradient took 0.00985979 seconds.
Iteration 612 took 0.00987658 seconds.
computeGradient took 0.00985667 seconds.
Iteration 613 took 0.00988137 seconds.
computeGradient took 0.00992658 seconds.
Iteration 614 took 0.009943 seconds.
computeGradient took 0.00984258 seconds.
Iteration 615 took 0.00986037 seconds.
computeGradient took 0.00978617 seconds.
Iteration 616 took 0.00980196 seconds.
computeGradient took 0.00978483 seconds.
Iteration 617 took 0.00980129 seconds.
computeGradient took 0.00984275 seconds.
Iteration 618 took 0.00985942 seconds.
computeGradient took 0.00983921 seconds.
Iteration 619 took 0.00985596 seconds.
computeGradient took 0.00994037 seconds.
Iteration 620 took 0.00995771 seconds.
computeGradient took 0.0100869 seconds.
Iteration 621 took 0.0101025 seconds.
computeGradient took 0.0102055 seconds.
Iteration 622 took 0.0102221 seconds.
computeGradient took 0.0102129 seconds.
Iteration 623 took 0.010229 seconds.
computeGradient took 0.010171 seconds.
Iteration 624 took 0.0101878 seconds.
computeGradient took 0.0102059 seconds.
Iteration 625 took 0.0102281 seconds.
computeGradient took 0.0112661 seconds.
Iteration 626 took 0.0112822 seconds.
computeGradient took 0.0103213 seconds.
Iteration 627 took 0.0103377 seconds.
computeGradient took 0.00998408 seconds.
Iteration 628 took 0.0100031 seconds.
computeGradient took 0.00970812 seconds.
Iteration 629 took 0.009725 seconds.
computeGradient took 0.00978621 seconds.
Iteration 630 took 0.00980312 seconds.
computeGradient took 0.00976567 seconds.
Iteration 631 took 0.00978154 seconds.
computeGradient took 0.00987587 seconds.
Iteration 632 took 0.00989504 seconds.
computeGradient took 0.010445 seconds.
Iteration 633 took 0.0104693 seconds.
computeGradient took 0.0102232 seconds.
Iteration 634 took 0.010246 seconds.
computeGradient took 0.00998537 seconds.
Iteration 635 took 0.0100064 seconds.
computeGradient took 0.00986517 seconds.
Iteration 636 took 0.00988254 seconds.
computeGradient took 0.0100022 seconds.
Iteration 637 took 0.0100198 seconds.
computeGradient took 0.00992783 seconds.
Iteration 638 took 0.00994479 seconds.
computeGradient took 0.00990688 seconds.
Iteration 639 took 0.00992625 seconds.
computeGradient took 0.00994567 seconds.
Iteration 640 took 0.00996421 seconds.
computeGradient took 0.00975521 seconds.
Iteration 641 took 0.00977133 seconds.
computeGradient took 0.00999325 seconds.
Iteration 642 took 0.010015 seconds.
computeGradient took 0.0102557 seconds.
Iteration 643 took 0.010283 seconds.
computeGradient took 0.0105842 seconds.
Iteration 644 took 0.0106043 seconds.
computeGradient took 0.0105643 seconds.
Iteration 645 took 0.0106035 seconds.
computeGradient took 0.0142151 seconds.
Iteration 646 took 0.0142857 seconds.
computeGradient took 0.0127116 seconds.
Iteration 647 took 0.0127347 seconds.
computeGradient took 0.0146386 seconds.
Iteration 648 took 0.0146733 seconds.
computeGradient took 0.0140704 seconds.
Iteration 649 took 0.0141057 seconds.
computeGradient took 0.0143769 seconds.
evaluateError (approximate) took 0.0116637 seconds.
Error evaluation took 0.0116725 seconds.
Iteration 650: error is 0.000000 (50 iterations in 0.51 seconds)
Iteration 650 took 0.0260819 seconds.
computeGradient took 0.0105506 seconds.
Iteration 651 took 0.0105781 seconds.
computeGradient took 0.0112839 seconds.
Iteration 652 took 0.0113059 seconds.
computeGradient took 0.0105691 seconds.
Iteration 653 took 0.0105942 seconds.
computeGradient took 0.0108956 seconds.
Iteration 654 took 0.0109196 seconds.
computeGradient took 0.0108487 seconds.
Iteration 655 took 0.010872 seconds.
computeGradient took 0.00999717 seconds.
Iteration 656 took 0.0100244 seconds.
computeGradient took 0.0110861 seconds.
Iteration 657 took 0.0111088 seconds.
computeGradient took 0.0106638 seconds.
Iteration 658 took 0.0106834 seconds.
computeGradient took 0.010266 seconds.
Iteration 659 took 0.0102871 seconds.
computeGradient took 0.0103778 seconds.
Iteration 660 took 0.0104093 seconds.
computeGradient took 0.011246 seconds.
Iteration 661 took 0.0112696 seconds.
computeGradient took 0.0101431 seconds.
Iteration 662 took 0.010164 seconds.
computeGradient took 0.00995792 seconds.
Iteration 663 took 0.00997542 seconds.
computeGradient took 0.0214757 seconds.
Iteration 664 took 0.0216447 seconds.
computeGradient took 0.0172731 seconds.
Iteration 665 took 0.0173217 seconds.
computeGradient took 0.0124549 seconds.
Iteration 666 took 0.0124808 seconds.
computeGradient took 0.0105603 seconds.
Iteration 667 took 0.0105901 seconds.
computeGradient took 0.0102688 seconds.
Iteration 668 took 0.010291 seconds.
computeGradient took 0.0102924 seconds.
Iteration 669 took 0.0103184 seconds.
computeGradient took 0.00997533 seconds.
Iteration 670 took 0.0100008 seconds.
computeGradient took 0.010327 seconds.
Iteration 671 took 0.0103459 seconds.
computeGradient took 0.00996375 seconds.
Iteration 672 took 0.00998362 seconds.
computeGradient took 0.0100281 seconds.
Iteration 673 took 0.0100516 seconds.
computeGradient took 0.0100225 seconds.
Iteration 674 took 0.0100403 seconds.
computeGradient took 0.0100189 seconds.
Iteration 675 took 0.0100411 seconds.
computeGradient took 0.00994842 seconds.
Iteration 676 took 0.00996617 seconds.
computeGradient took 0.00993008 seconds.
Iteration 677 took 0.0099475 seconds.
computeGradient took 0.00982742 seconds.
Iteration 678 took 0.00984379 seconds.
computeGradient took 0.00990608 seconds.
Iteration 679 took 0.0099225 seconds.
computeGradient took 0.00991733 seconds.
Iteration 680 took 0.00993617 seconds.
computeGradient took 0.00990179 seconds.
Iteration 681 took 0.00992046 seconds.
computeGradient took 0.00985275 seconds.
Iteration 682 took 0.00987 seconds.
computeGradient took 0.00976192 seconds.
Iteration 683 took 0.00977896 seconds.
computeGradient took 0.00985671 seconds.
Iteration 684 took 0.00987333 seconds.
computeGradient took 0.0100554 seconds.
Iteration 685 took 0.0100806 seconds.
computeGradient took 0.0103132 seconds.
Iteration 686 took 0.010336 seconds.
computeGradient took 0.0102459 seconds.
Iteration 687 took 0.0102644 seconds.
computeGradient took 0.00994233 seconds.
Iteration 688 took 0.00996063 seconds.
computeGradient took 0.00990621 seconds.
Iteration 689 took 0.00992425 seconds.
computeGradient took 0.00985342 seconds.
Iteration 690 took 0.00987513 seconds.
computeGradient took 0.0101287 seconds.
Iteration 691 took 0.0101544 seconds.
computeGradient took 0.010336 seconds.
Iteration 692 took 0.0103551 seconds.
computeGradient took 0.0100273 seconds.
Iteration 693 took 0.0100453 seconds.
computeGradient took 0.010289 seconds.
Iteration 694 took 0.0103132 seconds.
computeGradient took 0.0102969 seconds.
Iteration 695 took 0.0103184 seconds.
computeGradient took 0.0100948 seconds.
Iteration 696 took 0.0101142 seconds.
computeGradient took 0.0099465 seconds.
Iteration 697 took 0.00996904 seconds.
computeGradient took 0.010005 seconds.
Iteration 698 took 0.010024 seconds.
computeGradient took 0.0101737 seconds.
Iteration 699 took 0.0101952 seconds.
computeGradient took 0.0102078 seconds.
evaluateError (approximate) took 0.00987158 seconds.
Error evaluation took 0.00988088 seconds.
Iteration 700: error is 0.000000 (50 iterations in 0.52 seconds)
Iteration 700 took 0.0201176 seconds.
computeGradient took 0.0102138 seconds.
Iteration 701 took 0.0102365 seconds.
computeGradient took 0.0101618 seconds.
Iteration 702 took 0.0101843 seconds.
computeGradient took 0.0103827 seconds.
Iteration 703 took 0.0104033 seconds.
computeGradient took 0.0110479 seconds.
Iteration 704 took 0.0110712 seconds.
computeGradient took 0.00991308 seconds.
Iteration 705 took 0.009933 seconds.
computeGradient took 0.00998562 seconds.
Iteration 706 took 0.0100078 seconds.
computeGradient took 0.0101378 seconds.
Iteration 707 took 0.0101617 seconds.
computeGradient took 0.0100325 seconds.
Iteration 708 took 0.0100532 seconds.
computeGradient took 0.00982087 seconds.
Iteration 709 took 0.00984108 seconds.
computeGradient took 0.00977325 seconds.
Iteration 710 took 0.00978875 seconds.
computeGradient took 0.00978163 seconds.
Iteration 711 took 0.00979863 seconds.
computeGradient took 0.00978787 seconds.
Iteration 712 took 0.00981929 seconds.
computeGradient took 0.0100018 seconds.
Iteration 713 took 0.0100187 seconds.
computeGradient took 0.00985996 seconds.
Iteration 714 took 0.00987563 seconds.
computeGradient took 0.00971946 seconds.
Iteration 715 took 0.009735 seconds.
computeGradient took 0.00973463 seconds.
Iteration 716 took 0.00975071 seconds.
computeGradient took 0.00992358 seconds.
Iteration 717 took 0.00994304 seconds.
computeGradient took 0.0101016 seconds.
Iteration 718 took 0.0101204 seconds.
computeGradient took 0.00998442 seconds.
Iteration 719 took 0.0100005 seconds.
computeGradient took 0.00988296 seconds.
Iteration 720 took 0.00989858 seconds.
computeGradient took 0.00990921 seconds.
Iteration 721 took 0.00992496 seconds.
computeGradient took 0.00984192 seconds.
Iteration 722 took 0.00985804 seconds.
computeGradient took 0.00982888 seconds.
Iteration 723 took 0.00984567 seconds.
computeGradient took 0.00987629 seconds.
Iteration 724 took 0.00989225 seconds.
computeGradient took 0.0100466 seconds.
Iteration 725 took 0.0100665 seconds.
computeGradient took 0.009905 seconds.
Iteration 726 took 0.00992125 seconds.
computeGradient took 0.00983246 seconds.
Iteration 727 took 0.00984837 seconds.
computeGradient took 0.009779 seconds.
Iteration 728 took 0.00979754 seconds.
computeGradient took 0.00995804 seconds.
Iteration 729 took 0.00997679 seconds.
computeGradient took 0.00976113 seconds.
Iteration 730 took 0.00977746 seconds.
computeGradient took 0.0097645 seconds.
Iteration 731 took 0.00977954 seconds.
computeGradient took 0.00976238 seconds.
Iteration 732 took 0.00977871 seconds.
computeGradient took 0.00977425 seconds.
Iteration 733 took 0.00979096 seconds.
computeGradient took 0.00974062 seconds.
Iteration 734 took 0.00975833 seconds.
computeGradient took 0.00976963 seconds.
Iteration 735 took 0.00978604 seconds.
computeGradient took 0.00973404 seconds.
Iteration 736 took 0.00975046 seconds.
computeGradient took 0.00977179 seconds.
Iteration 737 took 0.00978871 seconds.
computeGradient took 0.00980638 seconds.
Iteration 738 took 0.00982317 seconds.
computeGradient took 0.00981925 seconds.
Iteration 739 took 0.00983646 seconds.
computeGradient took 0.009893 seconds.
Iteration 740 took 0.0099105 seconds.
computeGradient took 0.00986267 seconds.
Iteration 741 took 0.00988396 seconds.
computeGradient took 0.00996783 seconds.
Iteration 742 took 0.00998446 seconds.
computeGradient took 0.00986442 seconds.
Iteration 743 took 0.00988175 seconds.
computeGradient took 0.00994408 seconds.
Iteration 744 took 0.00996125 seconds.
computeGradient took 0.00979833 seconds.
Iteration 745 took 0.00981525 seconds.
computeGradient took 0.00977933 seconds.
Iteration 746 took 0.00979787 seconds.
computeGradient took 0.00972687 seconds.
Iteration 747 took 0.00974279 seconds.
computeGradient took 0.00967546 seconds.
Iteration 748 took 0.00969154 seconds.
computeGradient took 0.00967921 seconds.
Iteration 749 took 0.00969617 seconds.
computeGradient took 0.00973229 seconds.
evaluateError (approximate) took 0.00957483 seconds.
Error evaluation took 0.00958133 seconds.
Iteration 750: error is 0.000000 (50 iterations in 0.49 seconds)
Iteration 750 took 0.0193364 seconds.
computeGradient took 0.00964833 seconds.
Iteration 751 took 0.00966458 seconds.
computeGradient took 0.00962683 seconds.
Iteration 752 took 0.00964267 seconds.
computeGradient took 0.00973883 seconds.
Iteration 753 took 0.009756 seconds.
computeGradient took 0.0105458 seconds.
Iteration 754 took 0.0105619 seconds.
computeGradient took 0.00962021 seconds.
Iteration 755 took 0.00964179 seconds.
computeGradient took 0.00990725 seconds.
Iteration 756 took 0.00992292 seconds.
computeGradient took 0.00989867 seconds.
Iteration 757 took 0.00991417 seconds.
computeGradient took 0.00981658 seconds.
Iteration 758 took 0.00983208 seconds.
computeGradient took 0.00987496 seconds.
Iteration 759 took 0.00989092 seconds.
computeGradient took 0.00994417 seconds.
Iteration 760 took 0.00995983 seconds.
computeGradient took 0.00982538 seconds.
Iteration 761 took 0.00984096 seconds.
computeGradient took 0.00986421 seconds.
Iteration 762 took 0.00987983 seconds.
computeGradient took 0.00984629 seconds.
Iteration 763 took 0.00986404 seconds.
computeGradient took 0.009849 seconds.
Iteration 764 took 0.00986417 seconds.
computeGradient took 0.0100863 seconds.
Iteration 765 took 0.0101065 seconds.
computeGradient took 0.00988312 seconds.
Iteration 766 took 0.00990121 seconds.
computeGradient took 0.00991933 seconds.
Iteration 767 took 0.00993529 seconds.
computeGradient took 0.0101303 seconds.
Iteration 768 took 0.0101505 seconds.
computeGradient took 0.00999842 seconds.
Iteration 769 took 0.0100141 seconds.
computeGradient took 0.00986771 seconds.
Iteration 770 took 0.00988483 seconds.
computeGradient took 0.00980683 seconds.
Iteration 771 took 0.00982288 seconds.
computeGradient took 0.00973937 seconds.
Iteration 772 took 0.00975588 seconds.
computeGradient took 0.00979312 seconds.
Iteration 773 took 0.00981017 seconds.
computeGradient took 0.00972108 seconds.
Iteration 774 took 0.00973942 seconds.
computeGradient took 0.00968971 seconds.
Iteration 775 took 0.00970854 seconds.
computeGradient took 0.00963875 seconds.
Iteration 776 took 0.00965408 seconds.
computeGradient took 0.00966792 seconds.
Iteration 777 took 0.009683 seconds.
computeGradient took 0.00972075 seconds.
Iteration 778 took 0.00973562 seconds.
computeGradient took 0.00961471 seconds.
Iteration 779 took 0.00963 seconds.
computeGradient took 0.00964 seconds.
Iteration 780 took 0.00965504 seconds.
computeGradient took 0.0096355 seconds.
Iteration 781 took 0.00965112 seconds.
computeGradient took 0.00961429 seconds.
Iteration 782 took 0.00962946 seconds.
computeGradient took 0.00964292 seconds.
Iteration 783 took 0.00965771 seconds.
computeGradient took 0.00981258 seconds.
Iteration 784 took 0.00983867 seconds.
computeGradient took 0.00984354 seconds.
Iteration 785 took 0.00986317 seconds.
computeGradient took 0.0101592 seconds.
Iteration 786 took 0.010179 seconds.
computeGradient took 0.00993212 seconds.
Iteration 787 took 0.00995237 seconds.
computeGradient took 0.00988025 seconds.
Iteration 788 took 0.00989821 seconds.
computeGradient took 0.00979008 seconds.
Iteration 789 took 0.00980683 seconds.
computeGradient took 0.00980692 seconds.
Iteration 790 took 0.00982504 seconds.
computeGradient took 0.00981092 seconds.
Iteration 791 took 0.00982733 seconds.
computeGradient took 0.00971738 seconds.
Iteration 792 took 0.00973554 seconds.
computeGradient took 0.00974779 seconds.
Iteration 793 took 0.00976475 seconds.
computeGradient took 0.00972012 seconds.
Iteration 794 took 0.00973792 seconds.
computeGradient took 0.00981017 seconds.
Iteration 795 took 0.00982988 seconds.
computeGradient took 0.00973475 seconds.
Iteration 796 took 0.00975213 seconds.
computeGradient took 0.00974467 seconds.
Iteration 797 took 0.00976167 seconds.
computeGradient took 0.00981246 seconds.
Iteration 798 took 0.00983238 seconds.
computeGradient took 0.00982721 seconds.
Iteration 799 took 0.00984458 seconds.
computeGradient took 0.00983267 seconds.
evaluateError (approximate) took 0.00963629 seconds.
Error evaluation took 0.00964554 seconds.
Iteration 800: error is 0.000000 (50 iterations in 0.49 seconds)
Iteration 800 took 0.0195067 seconds.
computeGradient took 0.010098 seconds.
Iteration 801 took 0.0101152 seconds.
computeGradient took 0.00990062 seconds.
Iteration 802 took 0.00991854 seconds.
computeGradient took 0.00982029 seconds.
Iteration 803 took 0.00983633 seconds.
computeGradient took 0.0116197 seconds.
Iteration 804 took 0.0116382 seconds.
computeGradient took 0.00986692 seconds.
Iteration 805 took 0.00988404 seconds.
computeGradient took 0.00973379 seconds.
Iteration 806 took 0.00974917 seconds.
computeGradient took 0.0101324 seconds.
Iteration 807 took 0.0101503 seconds.
computeGradient took 0.00980471 seconds.
Iteration 808 took 0.00982321 seconds.
computeGradient took 0.00980179 seconds.
Iteration 809 took 0.00982017 seconds.
computeGradient took 0.0098195 seconds.
Iteration 810 took 0.00983929 seconds.
computeGradient took 0.00975617 seconds.
Iteration 811 took 0.00977525 seconds.
computeGradient took 0.00979388 seconds.
Iteration 812 took 0.00981283 seconds.
computeGradient took 0.00998621 seconds.
Iteration 813 took 0.0100084 seconds.
computeGradient took 0.00986708 seconds.
Iteration 814 took 0.00988492 seconds.
computeGradient took 0.00972246 seconds.
Iteration 815 took 0.00973846 seconds.
computeGradient took 0.00971117 seconds.
Iteration 816 took 0.00972725 seconds.
computeGradient took 0.00970296 seconds.
Iteration 817 took 0.00971833 seconds.
computeGradient took 0.00972608 seconds.
Iteration 818 took 0.00974183 seconds.
computeGradient took 0.00972967 seconds.
Iteration 819 took 0.00974475 seconds.
computeGradient took 0.00974858 seconds.
Iteration 820 took 0.00976371 seconds.
computeGradient took 0.00982813 seconds.
Iteration 821 took 0.00984375 seconds.
computeGradient took 0.00972037 seconds.
Iteration 822 took 0.00973567 seconds.
computeGradient took 0.00970579 seconds.
Iteration 823 took 0.00972096 seconds.
computeGradient took 0.00969154 seconds.
Iteration 824 took 0.009707 seconds.
computeGradient took 0.00968025 seconds.
Iteration 825 took 0.009696 seconds.
computeGradient took 0.00973654 seconds.
Iteration 826 took 0.00975146 seconds.
computeGradient took 0.00970637 seconds.
Iteration 827 took 0.00972187 seconds.
computeGradient took 0.00970108 seconds.
Iteration 828 took 0.00971646 seconds.
computeGradient took 0.00968604 seconds.
Iteration 829 took 0.00970104 seconds.
computeGradient took 0.00973842 seconds.
Iteration 830 took 0.0097535 seconds.
computeGradient took 0.0101596 seconds.
Iteration 831 took 0.0101845 seconds.
computeGradient took 0.0103755 seconds.
Iteration 832 took 0.0104008 seconds.
computeGradient took 0.0126381 seconds.
Iteration 833 took 0.0126656 seconds.
computeGradient took 0.0136687 seconds.
Iteration 834 took 0.0136922 seconds.
computeGradient took 0.0103415 seconds.
Iteration 835 took 0.0103648 seconds.
computeGradient took 0.0100506 seconds.
Iteration 836 took 0.0100717 seconds.
computeGradient took 0.0100364 seconds.
Iteration 837 took 0.0100547 seconds.
computeGradient took 0.00992071 seconds.
Iteration 838 took 0.00994167 seconds.
computeGradient took 0.0100963 seconds.
Iteration 839 took 0.0101201 seconds.
computeGradient took 0.0103016 seconds.
Iteration 840 took 0.0103245 seconds.
computeGradient took 0.0100945 seconds.
Iteration 841 took 0.0101128 seconds.
computeGradient took 0.00980304 seconds.
Iteration 842 took 0.0098215 seconds.
computeGradient took 0.0097715 seconds.
Iteration 843 took 0.00978746 seconds.
computeGradient took 0.00971433 seconds.
Iteration 844 took 0.00973117 seconds.
computeGradient took 0.0100882 seconds.
Iteration 845 took 0.0101075 seconds.
computeGradient took 0.0100474 seconds.
Iteration 846 took 0.0100626 seconds.
computeGradient took 0.00981854 seconds.
Iteration 847 took 0.00983704 seconds.
computeGradient took 0.00990546 seconds.
Iteration 848 took 0.00992175 seconds.
computeGradient took 0.00971721 seconds.
Iteration 849 took 0.00973229 seconds.
computeGradient took 0.0097335 seconds.
evaluateError (approximate) took 0.00955383 seconds.
Error evaluation took 0.00955629 seconds.
Iteration 850: error is 0.000000 (50 iterations in 0.50 seconds)
Iteration 850 took 0.0193095 seconds.
computeGradient took 0.0105561 seconds.
Iteration 851 took 0.0105743 seconds.
computeGradient took 0.00972229 seconds.
Iteration 852 took 0.00973788 seconds.
computeGradient took 0.00981329 seconds.
Iteration 853 took 0.00982996 seconds.
computeGradient took 0.00976633 seconds.
Iteration 854 took 0.00978242 seconds.
computeGradient took 0.00970038 seconds.
Iteration 855 took 0.00971654 seconds.
computeGradient took 0.0173334 seconds.
Iteration 856 took 0.0173528 seconds.
computeGradient took 0.0100405 seconds.
Iteration 857 took 0.0100581 seconds.
computeGradient took 0.00975917 seconds.
Iteration 858 took 0.00978237 seconds.
computeGradient took 0.0101423 seconds.
Iteration 859 took 0.0101658 seconds.
computeGradient took 0.0105349 seconds.
Iteration 860 took 0.0105598 seconds.
computeGradient took 0.0109164 seconds.
Iteration 861 took 0.0109398 seconds.
computeGradient took 0.0107598 seconds.
Iteration 862 took 0.0107817 seconds.
computeGradient took 0.0103402 seconds.
Iteration 863 took 0.0103605 seconds.
computeGradient took 0.010513 seconds.
Iteration 864 took 0.0105358 seconds.
computeGradient took 0.00982538 seconds.
Iteration 865 took 0.00984417 seconds.
computeGradient took 0.0101036 seconds.
Iteration 866 took 0.010121 seconds.
computeGradient took 0.010585 seconds.
Iteration 867 took 0.0106053 seconds.
computeGradient took 0.0100104 seconds.
Iteration 868 took 0.0100272 seconds.
computeGradient took 0.0100941 seconds.
Iteration 869 took 0.0101128 seconds.
computeGradient took 0.0105213 seconds.
Iteration 870 took 0.0105442 seconds.
computeGradient took 0.0100575 seconds.
Iteration 871 took 0.0100752 seconds.
computeGradient took 0.00992375 seconds.
Iteration 872 took 0.00993954 seconds.
computeGradient took 0.0100236 seconds.
Iteration 873 took 0.0100397 seconds.
computeGradient took 0.0100434 seconds.
Iteration 874 took 0.01006 seconds.
computeGradient took 0.00964762 seconds.
Iteration 875 took 0.00966454 seconds.
computeGradient took 0.009698 seconds.
Iteration 876 took 0.00971329 seconds.
computeGradient took 0.00962121 seconds.
Iteration 877 took 0.00963646 seconds.
computeGradient took 0.00966783 seconds.
Iteration 878 took 0.00968229 seconds.
computeGradient took 0.00991554 seconds.
Iteration 879 took 0.00993608 seconds.
computeGradient took 0.0100151 seconds.
Iteration 880 took 0.0100365 seconds.
computeGradient took 0.00990212 seconds.
Iteration 881 took 0.00991983 seconds.
computeGradient took 0.0102304 seconds.
Iteration 882 took 0.0102512 seconds.
computeGradient took 0.0100245 seconds.
Iteration 883 took 0.0100401 seconds.
computeGradient took 0.0104082 seconds.
Iteration 884 took 0.0104295 seconds.
computeGradient took 0.0100641 seconds.
Iteration 885 took 0.0100835 seconds.
computeGradient took 0.00993817 seconds.
Iteration 886 took 0.00995808 seconds.
computeGradient took 0.00997433 seconds.
Iteration 887 took 0.00999062 seconds.
computeGradient took 0.00996075 seconds.
Iteration 888 took 0.00997717 seconds.
computeGradient took 0.00997388 seconds.
Iteration 889 took 0.00999075 seconds.
computeGradient took 0.00991163 seconds.
Iteration 890 took 0.00992967 seconds.
computeGradient took 0.0101444 seconds.
Iteration 891 took 0.0101617 seconds.
computeGradient took 0.0102679 seconds.
Iteration 892 took 0.0102838 seconds.
computeGradient took 0.0102941 seconds.
Iteration 893 took 0.0103097 seconds.
computeGradient took 0.0100928 seconds.
Iteration 894 took 0.0101114 seconds.
computeGradient took 0.0101892 seconds.
Iteration 895 took 0.010206 seconds.
computeGradient took 0.0108679 seconds.
Iteration 896 took 0.0108857 seconds.
computeGradient took 0.00980229 seconds.
Iteration 897 took 0.00981808 seconds.
computeGradient took 0.00984779 seconds.
Iteration 898 took 0.00986283 seconds.
computeGradient took 0.00986129 seconds.
Iteration 899 took 0.00987708 seconds.
computeGradient took 0.00991171 seconds.
evaluateError (approximate) took 0.00956437 seconds.
Error evaluation took 0.00956708 seconds.
Iteration 900: error is 0.000000 (50 iterations in 0.50 seconds)
Iteration 900 took 0.0195067 seconds.
computeGradient took 0.00982833 seconds.
Iteration 901 took 0.00984342 seconds.
computeGradient took 0.00984588 seconds.
Iteration 902 took 0.00986117 seconds.
computeGradient took 0.0101402 seconds.
Iteration 903 took 0.0101549 seconds.
computeGradient took 0.0102265 seconds.
Iteration 904 took 0.0102434 seconds.
computeGradient took 0.0101665 seconds.
Iteration 905 took 0.0101817 seconds.
computeGradient took 0.0101732 seconds.
Iteration 906 took 0.0101885 seconds.
computeGradient took 0.010071 seconds.
Iteration 907 took 0.0100863 seconds.
computeGradient took 0.0101459 seconds.
Iteration 908 took 0.0101606 seconds.
computeGradient took 0.0101159 seconds.
Iteration 909 took 0.0101313 seconds.
computeGradient took 0.0106395 seconds.
Iteration 910 took 0.0106625 seconds.
computeGradient took 0.010264 seconds.
Iteration 911 took 0.010288 seconds.
computeGradient took 0.0100811 seconds.
Iteration 912 took 0.0101053 seconds.
computeGradient took 0.0112473 seconds.
Iteration 913 took 0.0112716 seconds.
computeGradient took 0.00985896 seconds.
Iteration 914 took 0.00988208 seconds.
computeGradient took 0.00978846 seconds.
Iteration 915 took 0.00980613 seconds.
computeGradient took 0.0103775 seconds.
Iteration 916 took 0.0104018 seconds.
computeGradient took 0.0104994 seconds.
Iteration 917 took 0.0105205 seconds.
computeGradient took 0.0101107 seconds.
Iteration 918 took 0.0101286 seconds.
computeGradient took 0.0103978 seconds.
Iteration 919 took 0.0104184 seconds.
computeGradient took 0.00993204 seconds.
Iteration 920 took 0.00994979 seconds.
computeGradient took 0.00997208 seconds.
Iteration 921 took 0.00999171 seconds.
computeGradient took 0.00989592 seconds.
Iteration 922 took 0.00991338 seconds.
computeGradient took 0.0100547 seconds.
Iteration 923 took 0.0100727 seconds.
computeGradient took 0.00981558 seconds.
Iteration 924 took 0.00983225 seconds.
computeGradient took 0.00980592 seconds.
Iteration 925 took 0.00982292 seconds.
computeGradient took 0.00979833 seconds.
Iteration 926 took 0.00981792 seconds.
computeGradient took 0.00982854 seconds.
Iteration 927 took 0.00984567 seconds.
computeGradient took 0.00971242 seconds.
Iteration 928 took 0.00972875 seconds.
computeGradient took 0.00984779 seconds.
Iteration 929 took 0.00986417 seconds.
computeGradient took 0.00980975 seconds.
Iteration 930 took 0.00982562 seconds.
computeGradient took 0.00983137 seconds.
Iteration 931 took 0.00984779 seconds.
computeGradient took 0.00979996 seconds.
Iteration 932 took 0.00982067 seconds.
computeGradient took 0.00977012 seconds.
Iteration 933 took 0.00978612 seconds.
computeGradient took 0.00974892 seconds.
Iteration 934 took 0.009765 seconds.
computeGradient took 0.00980292 seconds.
Iteration 935 took 0.00981883 seconds.
computeGradient took 0.00978433 seconds.
Iteration 936 took 0.0098005 seconds.
computeGradient took 0.00977354 seconds.
Iteration 937 took 0.00978967 seconds.
computeGradient took 0.00974671 seconds.
Iteration 938 took 0.00976221 seconds.
computeGradient took 0.00969838 seconds.
Iteration 939 took 0.00971446 seconds.
computeGradient took 0.00964458 seconds.
Iteration 940 took 0.00965996 seconds.
computeGradient took 0.00966021 seconds.
Iteration 941 took 0.00967504 seconds.
computeGradient took 0.00964746 seconds.
Iteration 942 took 0.00966275 seconds.
computeGradient took 0.00968546 seconds.
Iteration 943 took 0.00970096 seconds.
computeGradient took 0.009701 seconds.
Iteration 944 took 0.00971633 seconds.
computeGradient took 0.00968921 seconds.
Iteration 945 took 0.00970429 seconds.
computeGradient took 0.00965004 seconds.
Iteration 946 took 0.0096655 seconds.
computeGradient took 0.00962888 seconds.
Iteration 947 took 0.00964417 seconds.
computeGradient took 0.00963038 seconds.
Iteration 948 took 0.00964562 seconds.
computeGradient took 0.0096275 seconds.
Iteration 949 took 0.00964242 seconds.
computeGradient took 0.00970608 seconds.
evaluateError (approximate) took 0.00952433 seconds.
Error evaluation took 0.00952708 seconds.
Iteration 950: error is 0.000000 (50 iterations in 0.50 seconds)
Iteration 950 took 0.0192536 seconds.
computeGradient took 0.0096355 seconds.
Iteration 951 took 0.00965067 seconds.
computeGradient took 0.00965354 seconds.
Iteration 952 took 0.0096685 seconds.
computeGradient took 0.00959046 seconds.
Iteration 953 took 0.00960571 seconds.
computeGradient took 0.00960317 seconds.
Iteration 954 took 0.00961817 seconds.
computeGradient took 0.00960646 seconds.
Iteration 955 took 0.00962388 seconds.
computeGradient took 0.00962208 seconds.
Iteration 956 took 0.00963733 seconds.
computeGradient took 0.00963554 seconds.
Iteration 957 took 0.00965096 seconds.
computeGradient took 0.00962583 seconds.
Iteration 958 took 0.00964117 seconds.
computeGradient took 0.00964517 seconds.
Iteration 959 took 0.00966017 seconds.
computeGradient took 0.00963833 seconds.
Iteration 960 took 0.00965358 seconds.
computeGradient took 0.00967871 seconds.
Iteration 961 took 0.00969363 seconds.
computeGradient took 0.01009 seconds.
Iteration 962 took 0.0101105 seconds.
computeGradient took 0.00999604 seconds.
Iteration 963 took 0.0100128 seconds.
computeGradient took 0.00988025 seconds.
Iteration 964 took 0.00989646 seconds.
computeGradient took 0.00990658 seconds.
Iteration 965 took 0.00992238 seconds.
computeGradient took 0.0100661 seconds.
Iteration 966 took 0.0100882 seconds.
computeGradient took 0.00996579 seconds.
Iteration 967 took 0.00998246 seconds.
computeGradient took 0.00995804 seconds.
Iteration 968 took 0.00997413 seconds.
computeGradient took 0.00989725 seconds.
Iteration 969 took 0.0099135 seconds.
computeGradient took 0.00981587 seconds.
Iteration 970 took 0.00983179 seconds.
computeGradient took 0.00986379 seconds.
Iteration 971 took 0.00988042 seconds.
computeGradient took 0.00986787 seconds.
Iteration 972 took 0.00988487 seconds.
computeGradient took 0.00973529 seconds.
Iteration 973 took 0.00975071 seconds.
computeGradient took 0.00991146 seconds.
Iteration 974 took 0.00992683 seconds.
computeGradient took 0.00976933 seconds.
Iteration 975 took 0.00978471 seconds.
computeGradient took 0.00980063 seconds.
Iteration 976 took 0.00981562 seconds.
computeGradient took 0.00981825 seconds.
Iteration 977 took 0.00983637 seconds.
computeGradient took 0.00977354 seconds.
Iteration 978 took 0.00978858 seconds.
computeGradient took 0.00979388 seconds.
Iteration 979 took 0.00980938 seconds.
computeGradient took 0.00981758 seconds.
Iteration 980 took 0.009833 seconds.
computeGradient took 0.00977033 seconds.
Iteration 981 took 0.00978542 seconds.
computeGradient took 0.00976746 seconds.
Iteration 982 took 0.00978262 seconds.
computeGradient took 0.0099115 seconds.
Iteration 983 took 0.00992708 seconds.
computeGradient took 0.00983083 seconds.
Iteration 984 took 0.009846 seconds.
computeGradient took 0.00967892 seconds.
Iteration 985 took 0.00969412 seconds.
computeGradient took 0.00965325 seconds.
Iteration 986 took 0.00966812 seconds.
computeGradient took 0.0114672 seconds.
Iteration 987 took 0.0114822 seconds.
computeGradient took 0.00967621 seconds.
Iteration 988 took 0.00969138 seconds.
computeGradient took 0.00975508 seconds.
Iteration 989 took 0.00977308 seconds.
computeGradient took 0.0102237 seconds.
Iteration 990 took 0.0102463 seconds.
computeGradient took 0.0137953 seconds.
Iteration 991 took 0.0138177 seconds.
computeGradient took 0.0129988 seconds.
Iteration 992 took 0.0130221 seconds.
computeGradient took 0.0105239 seconds.
Iteration 993 took 0.0105463 seconds.
computeGradient took 0.0102906 seconds.
Iteration 994 took 0.0103114 seconds.
computeGradient took 0.0103225 seconds.
Iteration 995 took 0.0103422 seconds.
computeGradient took 0.0102773 seconds.
Iteration 996 took 0.0102993 seconds.
computeGradient took 0.0102886 seconds.
Iteration 997 took 0.0103067 seconds.
computeGradient took 0.0110585 seconds.
Iteration 998 took 0.0110854 seconds.
computeGradient took 0.010141 seconds.
evaluateError (approximate) took 0.00990492 seconds.
Error evaluation took 0.00991092 seconds.
Iteration 999: error is 0.000000 (50 iterations in 0.49 seconds)
Iteration 999 took 0.0200769 seconds.
Total execution time: 15.5154 seconds.
Fitting performed in 10.10 seconds.
Wrote the 2499 x 2 data matrix successfully!
Embedding shape: (2499, 2)
